======================================================================================== test session starts ========================================================================================
platform darwin -- Python 3.9.16, pytest-7.2.2, pluggy-1.0.0 -- /Users/Soham/miniforge3/envs/env_AML/bin/python
cachedir: .pytest_cache
rootdir: /Users/Soham/Documents/CMI-SEM-4/AML
collected 8 items                                                                                                                                                                                   

test/test.py::test_smoke PASSED                                                                                                                                                               [ 12%]
test/test.py::test_input_formats PASSED                                                                                                                                                       [ 25%]
test/test.py::test_pred_value PASSED                                                                                                                                                          [ 37%]
test/test.py::test_prop_value PASSED                                                                                                                                                          [ 50%]
test/test.py::test_pred_thres_zero PASSED                                                                                                                                                     [ 62%]
test/test.py::test_pred_thres_one PASSED                                                                                                                                                      [ 75%]
test/test.py::test_obvious_spam PASSED                                                                                                                                                        [ 87%]
test/test.py::test_flask PASSED                                                                                                                                                               [100%]

========================================================================================= 8 passed in 2.16s =========================================================================================